[    0.000000] Linux version 4.15.0-143-generic (buildd@lcy01-amd64-001) (gcc version 7.5.0 (Ubuntu 7.5.0-3ubuntu1~18.04)) #147-Ubuntu SMP Wed Apr 14 16:10:11 UTC 2021 (Ubuntu 4.15.0-143.147-generic 4.15.18)
[    0.000000] Command line: BOOT_IMAGE=/boot/vmlinuz-4.15.0-143-generic root=LABEL=cloudimg-rootfs ro console=tty1 console=ttyS0
[    0.000000] KERNEL supported cpus:
[    0.000000]   Intel GenuineIntel
[    0.000000]   AMD AuthenticAMD
[    0.000000]   Centaur CentaurHauls
[    0.000000] x86/fpu: Supporting XSAVE feature 0x001: 'x87 floating point registers'
[    0.000000] x86/fpu: Supporting XSAVE feature 0x002: 'SSE registers'
[    0.000000] x86/fpu: Supporting XSAVE feature 0x004: 'AVX registers'
[    0.000000] x86/fpu: xstate_offset[2]:  576, xstate_sizes[2]:  256
[    0.000000] x86/fpu: Enabled xstate features 0x7, context size is 832 bytes, using 'standard' format.
[    0.000000] e820: BIOS-provided physical RAM map:
[    0.000000] BIOS-e820: [mem 0x0000000000000000-0x000000000009fbff] usable
[    0.000000] BIOS-e820: [mem 0x000000000009fc00-0x000000000009ffff] reserved
[    0.000000] BIOS-e820: [mem 0x00000000000f0000-0x00000000000fffff] reserved
[    0.000000] BIOS-e820: [mem 0x0000000000100000-0x000000003ffeffff] usable
[    0.000000] BIOS-e820: [mem 0x000000003fff0000-0x000000003fffffff] ACPI data
[    0.000000] BIOS-e820: [mem 0x00000000fec00000-0x00000000fec00fff] reserved
[    0.000000] BIOS-e820: [mem 0x00000000fee00000-0x00000000fee00fff] reserved
[    0.000000] BIOS-e820: [mem 0x00000000fffc0000-0x00000000ffffffff] reserved
[    0.000000] NX (Execute Disable) protection: active
[    0.000000] SMBIOS 2.5 present.
[    0.000000] DMI: innotek GmbH VirtualBox/VirtualBox, BIOS VirtualBox 12/01/2006
[    0.000000] Hypervisor detected: KVM
[    0.000000] e820: last_pfn = 0x3fff0 max_arch_pfn = 0x400000000
[    0.000000] MTRR: Disabled
[    0.000000] x86/PAT: MTRRs disabled, skipping PAT initialization too.
[    0.000000] CPU MTRRs all blank - virtualized system.
[    0.000000] x86/PAT: Configuration [0-7]: WB  WT  UC- UC  WB  WT  UC- UC  
[    0.000000] found SMP MP-table at [mem 0x0009fff0-0x0009ffff]
[    0.000000] Scanning 1 areas for low memory corruption
[    0.000000] RAMDISK: [mem 0x359d1000-0x36cdffff]
[    0.000000] ACPI: Early table checksum verification disabled
[    0.000000] ACPI: RSDP 0x00000000000E0000 000024 (v02 VBOX  )
[    0.000000] ACPI: XSDT 0x000000003FFF0030 00003C (v01 VBOX   VBOXXSDT 00000001 ASL  00000061)
[    0.000000] ACPI: FACP 0x000000003FFF00F0 0000F4 (v04 VBOX   VBOXFACP 00000001 ASL  00000061)
[    0.000000] ACPI: DSDT 0x000000003FFF0470 002325 (v02 VBOX   VBOXBIOS 00000002 INTL 20100528)
[    0.000000] ACPI: FACS 0x000000003FFF0200 000040
[    0.000000] ACPI: FACS 0x000000003FFF0200 000040
[    0.000000] ACPI: APIC 0x000000003FFF0240 00005C (v02 VBOX   VBOXAPIC 00000001 ASL  00000061)
[    0.000000] ACPI: SSDT 0x000000003FFF02A0 0001CC (v01 VBOX   VBOXCPUT 00000002 INTL 20100528)
[    0.000000] No NUMA configuration found
[    0.000000] Faking a node at [mem 0x0000000000000000-0x000000003ffeffff]
[    0.000000] NODE_DATA(0) allocated [mem 0x3ffc5000-0x3ffeffff]
[    0.000000] kvm-clock: cpu 0, msr 0:3ff44001, primary cpu clock
[    0.000000] kvm-clock: Using msrs 4b564d01 and 4b564d00
[    0.000000] kvm-clock: using sched offset of 4234940917 cycles
[    0.000000] clocksource: kvm-clock: mask: 0xffffffffffffffff max_cycles: 0x1cd42e4dffb, max_idle_ns: 881590591483 ns
[    0.000000] Zone ranges:
[    0.000000]   DMA      [mem 0x0000000000001000-0x0000000000ffffff]
[    0.000000]   DMA32    [mem 0x0000000001000000-0x000000003ffeffff]
[    0.000000]   Normal   empty
[    0.000000]   Device   empty
[    0.000000] Movable zone start for each node
[    0.000000] Early memory node ranges
[    0.000000]   node   0: [mem 0x0000000000001000-0x000000000009efff]
[    0.000000]   node   0: [mem 0x0000000000100000-0x000000003ffeffff]
[    0.000000] Reserved but unavailable: 98 pages
[    0.000000] Initmem setup node 0 [mem 0x0000000000001000-0x000000003ffeffff]
[    0.000000] ACPI: PM-Timer IO Port: 0x4008
[    0.000000] IOAPIC[0]: apic_id 2, version 32, address 0xfec00000, GSI 0-23
[    0.000000] ACPI: INT_SRC_OVR (bus 0 bus_irq 0 global_irq 2 dfl dfl)
[    0.000000] ACPI: INT_SRC_OVR (bus 0 bus_irq 9 global_irq 9 low level)
[    0.000000] Using ACPI (MADT) for SMP configuration information
[    0.000000] smpboot: Allowing 2 CPUs, 0 hotplug CPUs
[    0.000000] PM: Registered nosave memory: [mem 0x00000000-0x00000fff]
[    0.000000] PM: Registered nosave memory: [mem 0x0009f000-0x0009ffff]
[    0.000000] PM: Registered nosave memory: [mem 0x000a0000-0x000effff]
[    0.000000] PM: Registered nosave memory: [mem 0x000f0000-0x000fffff]
[    0.000000] e820: [mem 0x40000000-0xfebfffff] available for PCI devices
[    0.000000] Booting paravirtualized kernel on KVM
[    0.000000] clocksource: refined-jiffies: mask: 0xffffffff max_cycles: 0xffffffff, max_idle_ns: 7645519600211568 ns
[    0.000000] random: get_random_bytes called from start_kernel+0x99/0x500 with crng_init=0
[    0.000000] setup_percpu: NR_CPUS:8192 nr_cpumask_bits:2 nr_cpu_ids:2 nr_node_ids:1
[    0.000000] percpu: Embedded 45 pages/cpu s147456 r8192 d28672 u1048576
[    0.000000] PV qspinlock hash table entries: 256 (order: 0, 4096 bytes)
[    0.000000] Built 1 zonelists, mobility grouping on.  Total pages: 257913
[    0.000000] Policy zone: DMA32
[    0.000000] Kernel command line: BOOT_IMAGE=/boot/vmlinuz-4.15.0-143-generic root=LABEL=cloudimg-rootfs ro console=tty1 console=ttyS0
[    0.000000] Memory: 982724K/1048120K available (12300K kernel code, 2483K rwdata, 4316K rodata, 2444K init, 2724K bss, 65396K reserved, 0K cma-reserved)
[    0.000000] SLUB: HWalign=64, Order=0-3, MinObjects=0, CPUs=2, Nodes=1
[    0.000000] Kernel/User page tables isolation: enabled
[    0.000000] ftrace: allocating 39437 entries in 155 pages
[    0.004000] Hierarchical RCU implementation.
[    0.004000] 	RCU restricting CPUs from NR_CPUS=8192 to nr_cpu_ids=2.
[    0.004000] 	Tasks RCU enabled.
[    0.004000] RCU: Adjusting geometry for rcu_fanout_leaf=16, nr_cpu_ids=2
[    0.004000] NR_IRQS: 524544, nr_irqs: 440, preallocated irqs: 16
[    0.004000] Console: colour VGA+ 80x25
[    0.004000] console [tty1] enabled
[    0.004000] console [ttyS0] enabled
[    0.004000] ACPI: Core revision 20170831
[    0.004000] ACPI: 2 ACPI AML tables successfully acquired and loaded
[    0.004000] APIC: Switch to symmetric I/O mode setup
[    0.004000] x2apic enabled
[    0.004000] Switched APIC routing to physical x2apic.
[    0.004000] ..TIMER: vector=0x30 apic1=0 pin1=2 apic2=-1 pin2=-1
[    0.004004] tsc: Detected 2592.000 MHz processor
[    0.008008] Calibrating delay loop (skipped) preset value.. 5184.00 BogoMIPS (lpj=10368000)
[    0.010164] pid_max: default: 32768 minimum: 301
[    0.012033] Security Framework initialized
[    0.013424] Yama: becoming mindful.
[    0.014240] AppArmor: AppArmor initialized
[    0.016042] Dentry cache hash table entries: 131072 (order: 8, 1048576 bytes)
[    0.020054] Inode-cache hash table entries: 65536 (order: 7, 524288 bytes)
[    0.021426] Mount-cache hash table entries: 2048 (order: 2, 16384 bytes)
[    0.024005] Mountpoint-cache hash table entries: 2048 (order: 2, 16384 bytes)
[    0.025736] Last level iTLB entries: 4KB 64, 2MB 8, 4MB 8
[    0.027000] Last level dTLB entries: 4KB 64, 2MB 0, 4MB 0, 1GB 4
[    0.028002] Spectre V1 : Mitigation: usercopy/swapgs barriers and __user pointer sanitization
[    0.030028] Spectre V2 : Mitigation: Full generic retpoline
[    0.032002] Spectre V2 : Spectre v2 / SpectreRSB mitigation: Filling RSB on context switch
[    0.033809] Speculative Store Bypass: Vulnerable
[    0.035179] SRBDS: Unknown: Dependent on hypervisor status
[    0.036002] MDS: Mitigation: Clear CPU buffers
[    0.037196] Freeing SMP alternatives memory: 36K
[    0.149243] smpboot: CPU0: Intel(R) Core(TM) i7-6700HQ CPU @ 2.60GHz (family: 0x6, model: 0x5e, stepping: 0x3)
[    0.152000] Performance Events: unsupported p6 CPU model 94 no PMU driver, software events only.
[    0.152055] Hierarchical SRCU implementation.
[    0.156006] NMI watchdog: Perf event create on CPU 0 failed with -2
[    0.158351] NMI watchdog: Perf NMI watchdog permanently disabled
[    0.159995] smp: Bringing up secondary CPUs ...
[    0.160079] x86: Booting SMP configuration:
[    0.161095] .... node  #0, CPUs:      #1
[    0.004000] kvm-clock: cpu 1, msr 0:3ff44041, secondary cpu clock
[    0.166961] smp: Brought up 1 node, 2 CPUs
[    0.166961] smpboot: Max logical packages: 1
[    0.168005] smpboot: Total of 2 processors activated (10368.00 BogoMIPS)
[    0.169630] devtmpfs: initialized
[    0.169630] x86/mm: Memory block size: 128MB
[    0.172187] evm: security.selinux
[    0.173346] evm: security.SMACK64
[    0.174162] evm: security.SMACK64EXEC
[    0.176003] evm: security.SMACK64TRANSMUTE
[    0.176988] evm: security.SMACK64MMAP
[    0.177851] evm: security.apparmor
[    0.178681] evm: security.ima
[    0.179544] evm: security.capability
[    0.180144] clocksource: jiffies: mask: 0xffffffff max_cycles: 0xffffffff, max_idle_ns: 7645041785100000 ns
[    0.183142] futex hash table entries: 512 (order: 3, 32768 bytes)
[    0.188018] pinctrl core: initialized pinctrl subsystem
[    0.189316] RTC time:  6:51:44, date: 05/20/21
[    0.190520] NET: Registered protocol family 16
[    0.191692] audit: initializing netlink subsys (disabled)
[    0.192032] audit: type=2000 audit(1621493510.523:1): state=initialized audit_enabled=0 res=1
[    0.192196] cpuidle: using governor ladder
[    0.196007] cpuidle: using governor menu
[    0.197048] ACPI: bus type PCI registered
[    0.197978] acpiphp: ACPI Hot Plug PCI Controller Driver version: 0.5
[    0.200108] PCI: Using configuration type 1 for base access
[    0.204854] HugeTLB registered 2.00 MiB page size, pre-allocated 0 pages
[    0.205545] ACPI: Added _OSI(Module Device)
[    0.205545] ACPI: Added _OSI(Processor Device)
[    0.208002] ACPI: Added _OSI(3.0 _SCP Extensions)
[    0.209616] ACPI: Added _OSI(Processor Aggregator Device)
[    0.210891] ACPI: Added _OSI(Linux-Dell-Video)
[    0.212003] ACPI: Added _OSI(Linux-Lenovo-NV-HDMI-Audio)
[    0.213218] ACPI: Added _OSI(Linux-HPI-Hybrid-Graphics)
[    0.214783] ACPI: Executed 1 blocks of module-level executable AML code
[    0.221708] ACPI: Interpreter enabled
[    0.222603] ACPI: (supports S0 S5)
[    0.223483] ACPI: Using IOAPIC for interrupt routing
[    0.224307] PCI: Using host bridge windows from ACPI; if necessary, use "pci=nocrs" and report a bug
[    0.226877] ACPI: Enabled 2 GPEs in block 00 to 07
[    0.237359] ACPI: PCI Root Bridge [PCI0] (domain 0000 [bus 00-ff])
[    0.238844] acpi PNP0A03:00: _OSC: OS supports [ASPM ClockPM Segments MSI]
[    0.240669] acpi PNP0A03:00: _OSC: not requesting OS control; OS requires [ExtendedConfig ASPM ClockPM MSI]
[    0.243811] acpi PNP0A03:00: fail to add MMCONFIG information, can't access extended PCI configuration space under this bridge.
[    0.244495] PCI host bridge to bus 0000:00
[    0.248003] pci_bus 0000:00: root bus resource [io  0x0000-0x0cf7 window]
[    0.249905] pci_bus 0000:00: root bus resource [io  0x0d00-0xffff window]
[    0.251480] pci_bus 0000:00: root bus resource [mem 0x000a0000-0x000bffff window]
[    0.252002] pci_bus 0000:00: root bus resource [mem 0x40000000-0xfdffffff window]
[    0.253687] pci_bus 0000:00: root bus resource [bus 00-ff]
[    0.258869] pci 0000:00:01.1: legacy IDE quirk: reg 0x10: [io  0x01f0-0x01f7]
[    0.260016] pci 0000:00:01.1: legacy IDE quirk: reg 0x14: [io  0x03f6]
[    0.261785] pci 0000:00:01.1: legacy IDE quirk: reg 0x18: [io  0x0170-0x0177]
[    0.264002] pci 0000:00:01.1: legacy IDE quirk: reg 0x1c: [io  0x0376]
[    0.282331] pci 0000:00:07.0: quirk: [io  0x4000-0x403f] claimed by PIIX4 ACPI
[    0.284000] pci 0000:00:07.0: quirk: [io  0x4100-0x410f] claimed by PIIX4 SMB
[    0.294680] ACPI: PCI Interrupt Link [LNKA] (IRQs 5 9 10 *11)
[    0.296726] ACPI: PCI Interrupt Link [LNKB] (IRQs 5 9 *10 11)
[    0.300210] ACPI: PCI Interrupt Link [LNKC] (IRQs 5 *9 10 11)
[    0.302020] ACPI: PCI Interrupt Link [LNKD] (IRQs 5 9 10 *11)
[    0.304255] SCSI subsystem initialized
[    0.305537] pci 0000:00:02.0: vgaarb: setting as boot VGA device
[    0.305977] pci 0000:00:02.0: vgaarb: VGA device added: decodes=io+mem,owns=io+mem,locks=none
[    0.308009] pci 0000:00:02.0: vgaarb: bridge control possible
[    0.309442] vgaarb: loaded
[    0.312031] ACPI: bus type USB registered
[    0.313139] usbcore: registered new interface driver usbfs
[    0.314677] usbcore: registered new interface driver hub
[    0.316008] usbcore: registered new device driver usb
[    0.317607] EDAC MC: Ver: 3.0.0
[    0.320077] PCI: Using ACPI for IRQ routing
[    0.321736] NetLabel: Initializing
[    0.322848] NetLabel:  domain hash size = 128
[    0.324000] NetLabel:  protocols = UNLABELED CIPSOv4 CALIPSO
[    0.324036] NetLabel:  unlabeled traffic allowed by default
[    0.328093] clocksource: Switched to clocksource kvm-clock
[    0.364711] VFS: Disk quotas dquot_6.6.0
[    0.366147] VFS: Dquot-cache hash table entries: 512 (order 0, 4096 bytes)
[    0.368885] AppArmor: AppArmor Filesystem Enabled
[    0.370134] pnp: PnP ACPI init
[    0.372232] pnp: PnP ACPI: found 3 devices
[    0.381999] clocksource: acpi_pm: mask: 0xffffff max_cycles: 0xffffff, max_idle_ns: 2085701024 ns
[    0.384052] NET: Registered protocol family 2
[    0.385318] TCP established hash table entries: 8192 (order: 4, 65536 bytes)
[    0.387076] TCP bind hash table entries: 8192 (order: 5, 131072 bytes)
[    0.392879] TCP: Hash tables configured (established 8192 bind 8192)
[    0.398902] UDP hash table entries: 512 (order: 2, 16384 bytes)
[    0.400786] UDP-Lite hash table entries: 512 (order: 2, 16384 bytes)
[    0.402648] NET: Registered protocol family 1
[    0.403721] pci 0000:00:00.0: Limiting direct PCI/PCI transfers
[    0.405815] pci 0000:00:01.0: Activating ISA DMA hang workarounds
[    0.407285] pci 0000:00:02.0: Video device with shadowed ROM at [mem 0x000c0000-0x000dffff]
[    0.409315] Unpacking initramfs...
[    0.850438] Freeing initrd memory: 19516K
[    0.851601] clocksource: tsc: mask: 0xffffffffffffffff max_cycles: 0x255cb6cc5db, max_idle_ns: 440795203504 ns
[    0.853963] platform rtc_cmos: registered platform RTC device (no PNP device found)
[    0.855822] Scanning for low memory corruption every 60 seconds
[    0.858723] Initialise system trusted keyrings
[    0.859786] Key type blacklist registered
[    0.860970] workingset: timestamp_bits=36 max_order=18 bucket_order=0
[    0.863809] zbud: loaded
[    0.865223] squashfs: version 4.0 (2009/01/31) Phillip Lougher
[    0.866869] fuse init (API version 7.26)
[    0.871514] Key type asymmetric registered
[    0.872648] Asymmetric key parser 'x509' registered
[    0.873897] Block layer SCSI generic (bsg) driver version 0.4 loaded (major 246)
[    0.875600] io scheduler noop registered
[    0.876714] io scheduler deadline registered
[    0.877832] io scheduler cfq registered (default)
[    0.879737] ACPI: AC Adapter [AC] (on-line)
[    0.880871] input: Power Button as /devices/LNXSYSTM:00/LNXPWRBN:00/input/input0
[    0.883093] ACPI: Power Button [PWRF]
[    0.884128] input: Sleep Button as /devices/LNXSYSTM:00/LNXSLPBN:00/input/input1
[    0.885813] ACPI: Sleep Button [SLPF]
[    0.887962] ACPI: Battery Slot [BAT0] (battery present)
[    0.888282] Serial: 8250/16550 driver, 32 ports, IRQ sharing enabled
[    0.911713] 00:02: ttyS0 at I/O 0x3f8 (irq = 4, base_baud = 115200) is a 16550A
[    0.915098] Linux agpgart interface v0.103
[    0.917287] loop: module loaded
[    0.918781] scsi host0: ata_piix
[    0.919974] scsi host1: ata_piix
[    0.920848] ata1: PATA max UDMA/33 cmd 0x1f0 ctl 0x3f6 bmdma 0xd000 irq 14
[    0.922389] ata2: PATA max UDMA/33 cmd 0x170 ctl 0x376 bmdma 0xd008 irq 15
[    0.924197] libphy: Fixed MDIO Bus: probed
[    0.925289] tun: Universal TUN/TAP device driver, 1.6
[    0.926525] PPP generic driver version 2.4.2
[    0.927682] ehci_hcd: USB 2.0 'Enhanced' Host Controller (EHCI) Driver
[    0.929572] ehci-pci: EHCI PCI platform driver
[    0.930628] ehci-platform: EHCI generic platform driver
[    0.931890] ohci_hcd: USB 1.1 'Open' Host Controller (OHCI) Driver
[    0.933307] ohci-pci: OHCI PCI platform driver
[    0.934349] ohci-platform: OHCI generic platform driver
[    0.935516] uhci_hcd: USB Universal Host Controller Interface driver
[    0.936981] i8042: PNP: PS/2 Controller [PNP0303:PS2K,PNP0f03:PS2M] at 0x60,0x64 irq 1,12
[    0.939444] serio: i8042 KBD port at 0x60,0x64 irq 1
[    0.940634] serio: i8042 AUX port at 0x60,0x64 irq 12
[    0.941824] mousedev: PS/2 mouse device common for all mice
[    0.943407] input: AT Translated Set 2 keyboard as /devices/platform/i8042/serio0/input/input2
[    0.946011] rtc_cmos rtc_cmos: rtc core: registered rtc_cmos as rtc0
[    0.947520] rtc_cmos rtc_cmos: alarms up to one day, 114 bytes nvram
[    0.949114] i2c /dev entries driver
[    0.950012] device-mapper: uevent: version 1.0.3
[    0.951281] device-mapper: ioctl: 4.37.0-ioctl (2017-09-20) initialised: dm-devel@redhat.com
[    0.953486] ledtrig-cpu: registered to indicate activity on CPUs
[    0.955970] NET: Registered protocol family 10
[    0.961604] Segment Routing with IPv6
[    0.962703] NET: Registered protocol family 17
[    0.963871] Key type dns_resolver registered
[    0.965399] mce: Using 0 MCE banks
[    0.966180] RAS: Correctable Errors collector initialized.
[    0.967438] sched_clock: Marking stable (965374950, 0)->(1219346049, -253971099)
[    0.970263] registered taskstats version 1
[    0.971162] Loading compiled-in X.509 certificates
[    0.974975] Loaded X.509 cert 'Build time autogenerated kernel key: de118354fe72448b469776565e76ac30c08e8db2'
[    0.977945] Loaded X.509 cert 'Canonical Ltd. Live Patch Signing: 14df34d1a87cf37625abec039ef2bf521249b969'
[    0.981088] Loaded X.509 cert 'Canonical Ltd. Kernel Module Signing: 88f752e560a1e0737e31163a466ad7b70a850c19'
[    0.983319] zswap: loaded using pool lzo/zbud
[    0.989364] Key type big_key registered
[    0.990220] Key type trusted registered
[    0.992835] Key type encrypted registered
[    0.993718] AppArmor: AppArmor sha1 policy hashing enabled
[    0.994990] ima: No TPM chip found, activating TPM-bypass! (rc=-19)
[    0.996538] ima: Allocated hash algorithm: sha1
[    0.997547] evm: HMAC attrs: 0x1
[    0.998476]   Magic number: 5:470:873
[    0.999466] rtc_cmos rtc_cmos: setting system clock to 2021-05-20 06:51:45 UTC (1621493505)
[    1.001496] BIOS EDD facility v0.16 2004-Jun-25, 0 devices found
[    1.002801] EDD information not available.
[    1.121477] Freeing unused kernel image memory: 2444K
[    1.132751] Write protecting the kernel read-only data: 20480k
[    1.135442] Freeing unused kernel image memory: 2008K
[    1.137261] Freeing unused kernel image memory: 1828K
[    1.148979] x86/mm: Checked W+X mappings: passed, no W+X pages found.
[    1.150503] x86/mm: Checking user space page tables
[    1.161567] x86/mm: Checked W+X mappings: passed, no W+X pages found.
Loading, please wait...
starting version 237
[    1.250000] Fusion MPT base driver 3.04.20
[    1.251019] Copyright (c) 1999-2008 LSI Corporation
[    1.254683] e1000: Intel(R) PRO/1000 Network Driver - version 7.3.21-k8-NAPI
[    1.256469] e1000: Copyright (c) 1999-2006 Intel Corporation.
[    1.264820] Fusion MPT SPI Host driver 3.04.20
[    1.274394] AVX2 version of gcm_enc/dec engaged.
[    1.275603] AES CTR mode by8 optimization enabled
[    1.465723] input: ImExPS/2 Generic Explorer Mouse as /devices/platform/i8042/serio1/input/input4
[    1.902564] e1000 0000:00:03.0 eth0: (PCI:33MHz:32-bit) 02:79:d1:66:99:96
[    1.908443] e1000 0000:00:03.0 eth0: Intel(R) PRO/1000 Network Connection
[    1.915531] mptbase: ioc0: Initiating bringup
[    1.915585] e1000 0000:00:03.0 enp0s3: renamed from eth0
[    2.017675] ioc0: LSI53C1030 A0: Capabilities={Initiator}
[    2.273640] scsi host2: ioc0: LSI53C1030 A0, FwRev=00000000h, Ports=1, MaxQ=256, IRQ=20
[    2.449310] scsi 2:0:0:0: Direct-Access     VBOX     HARDDISK         1.0  PQ: 0 ANSI: 5
[    2.484480] scsi target2:0:0: Beginning Domain Validation
[    2.498039] scsi target2:0:0: Domain Validation skipping write tests
[    2.503625] scsi target2:0:0: Ending Domain Validation
[    2.508866] scsi target2:0:0: asynchronous
[    2.515286] scsi 2:0:1:0: Direct-Access     VBOX     HARDDISK         1.0  PQ: 0 ANSI: 5
[    2.548500] scsi target2:0:1: Beginning Domain Validation
[    2.555657] random: fast init done
[    2.559199] scsi target2:0:1: Domain Validation skipping write tests
[    2.562692] scsi target2:0:1: Ending Domain Validation
[    2.565823] scsi target2:0:1: asynchronous
[    2.579325] random: systemd-udevd: uninitialized urandom read (16 bytes read)
[    2.579406] sd 2:0:0:0: Attached scsi generic sg0 type 0
[    2.581747] random: systemd-udevd: uninitialized urandom read (16 bytes read)
[    2.583720] sd 2:0:1:0: Attached scsi generic sg1 type 0
[    2.585915] random: systemd-udevd: uninitialized urandom read (16 bytes read)
[    2.590431] sd 2:0:0:0: [sda] 83886080 512-byte logical blocks: (42.9 GB/40.0 GiB)
[    2.593239] sd 2:0:1:0: [sdb] 20480 512-byte logical blocks: (10.5 MB/10.0 MiB)
[    2.593292] sd 2:0:0:0: [sda] Write Protect is off
[    2.597772] sd 2:0:1:0: [sdb] Write Protect is off
[    2.598021] sd 2:0:0:0: [sda] Incomplete mode parameter data
[    2.603180] sd 2:0:0:0: [sda] Assuming drive cache: write through
[    2.605167] sd 2:0:1:0: [sdb] Incomplete mode parameter data
[    2.606731] sd 2:0:1:0: [sdb] Assuming drive cache: write through
[    2.628654]  sda: sda1
[    2.631638] sd 2:0:0:0: [sda] Attached SCSI disk
[    2.653232] sd 2:0:1:0: [sdb] Attached SCSI disk
Begin: Loading essential drivers ... [    4.464116] raid6: sse2x1   gen() 10523 MB/s
[    4.512138] raid6: sse2x1   xor()  7805 MB/s
[    4.560202] raid6: sse2x2   gen() 13225 MB/s
[    4.608082] raid6: sse2x2   xor()  8956 MB/s
[    4.656158] raid6: sse2x4   gen() 14974 MB/s
[    4.704150] raid6: sse2x4   xor()  9288 MB/s
[    4.752105] raid6: avx2x1   gen() 21440 MB/s
[    4.800094] raid6: avx2x1   xor() 15161 MB/s
[    4.848197] raid6: avx2x2   gen() 25255 MB/s
[    4.896049] raid6: avx2x2   xor() 15944 MB/s
[    4.944380] raid6: avx2x4   gen() 29022 MB/s
[    4.992105] raid6: avx2x4   xor() 12981 MB/s
[    4.993582] raid6: using algorithm avx2x4 gen() 29022 MB/s
[    4.994883] raid6: .... xor() 12981 MB/s, rmw enabled
[    4.996279] raid6: using avx2x2 recovery algorithm
[    4.998792] xor: automatically using best checksumming function   avx       
[    5.001817] async_tx: api initialized (async)
done.
Begin: Running /scripts/init-premount ... done.
Begin: Mounting root file system ... Begin: Running /scripts/local-top ... done.
Begin: Running /scripts/local-premount ... [    5.060630] Btrfs loaded, crc32c=crc32c-intel
Scanning for Btrfs filesystems
done.
Warning: fsck not present, so skipping root file system
[    5.201258] EXT4-fs (sda1): INFO: recovery required on readonly filesystem
[    5.202819] EXT4-fs (sda1): write access will be enabled during recovery
[    5.306899] EXT4-fs (sda1): recovery complete
[    5.308885] EXT4-fs (sda1): mounted filesystem with ordered data mode. Opts: (null)
done.
Begin: Running /scripts/local-bottom ... done.
Begin: Running /scripts/init-bottom ... done.
[    6.037062] ip_tables: (C) 2000-2006 Netfilter Core Team
[    6.123900] systemd[1]: systemd 237 running in system mode. (+PAM +AUDIT +SELINUX +IMA +APPARMOR +SMACK +SYSVINIT +UTMP +LIBCRYPTSETUP +GCRYPT +GNUTLS +ACL +XZ +LZ4 +SECCOMP +BLKID +ELFUTILS +KMOD -IDN2 +IDN -PCRE2 default-hierarchy=hybrid)
[    6.141796] systemd[1]: Detected virtualization oracle.
[    6.145170] systemd[1]: Detected architecture x86-64.

Welcome to [1mUbuntu 18.04.5 LTS[0m!

[    6.179587] systemd[1]: Set hostname to <ubuntu-bionic>.
[    7.117315] random: crng init done
[    7.118495] random: 7 urandom warning(s) missed due to ratelimiting
[    7.523188] systemd[1]: Started Forward Password Requests to Wall Directory Watch.
[[0;32m  OK  [0m] Started Forward Password Requests to Wall Directory Watch.
[    7.526382] systemd[1]: Set up automount Arbitrary Executable File Formats File System Automount Point.
[[0;32m  OK  [0m] Set up automount Arbitrary Executab…rmats File System Automount Point.
[    7.622412] systemd[1]: Created slice System Slice.
[[0;32m  OK  [0m] Created slice System Slice.
[    7.625119] systemd[1]: Created slice system-serial\x2dgetty.slice.
[[0;32m  OK  [0m] Created slice system-serial\x2dgetty.slice.
[    7.628234] systemd[1]: Listening on Journal Socket (/dev/log).
[[0;32m  OK  [0m] Listening on Journal Socket (/dev/log).
[    7.868392] systemd[1]: Listening on Network Service Netlink Socket.
[[0;32m  OK  [0m] Listening on Network Service Netlink Socket.
[[0;32m  OK  [0m] Listening on Device-mapper event daemon FIFOs.
[[0;32m  OK  [0m] Listening on Journal Socket.
[[0;32m  OK  [0m] Listening on Syslog Socket.
[[0;32m  OK  [0m] Listening on LVM2 poll daemon socket.
         Mounting POSIX Message Queue File System...
         Starting Uncomplicated firewall...
         Starting Set the console keyboard layout...
[[0;32m  OK  [0m] Listening on udev Control Socket.
[[0;32m  OK  [0m] Listening on fsck to fsckd communication Socket.
         Starting File System Check on Root Device...
         Mounting Kernel Debug File System...
[[0;32m  OK  [0m] Listening on Journal Audit Socket.
         Starting Journal Service...
         Mounting Huge Pages File System...
[[0;32m  OK  [0m] Listening on LVM2 metadata daemon socket.
         Starting Monitoring of LVM2 mirrors…ng dmeventd or progress polling...
[[0;32m  OK  [0m] Listening on udev Kernel Socket.
[[0;32m  OK  [0m] Reached target User and Group Name Lookups.
[[0;32m  OK  [0m] Created slice User and Session Slice.
         Starting Load Kernel Modules...
[[0;32m  OK  [0m] Reached target Swap.
[[0;32m  OK  [0m] Reached target Slices.
         Starting Create list of required st…ce nodes for the current kernel...
         Starting udev Coldplug all Devices...
[[0;32m  OK  [0m] Listening on /dev/initctl Compatibility Named Pipe.
[[0;32m  OK  [0m] Reached target System Time Synchronized.
[[0;32m  OK  [0m] Started Journal Service.
[[0;32m  OK  [0m] Mounted POSIX Message Queue File System.
[[0;32m  OK  [0m] Started Uncomplicated firewall.
[[0;32m  OK  [0m] Mounted Kernel Debug File System.
[[0;32m  OK  [0m] Mounted Huge Pages File System.
[[0;32m  OK  [0m] Started LVM2 metadata daemon.
[[0;32m  OK  [0m] Started File System Check Daemon to report status.
[    8.710783] Loading iSCSI transport class v2.0-870.
[[0;32m  OK  [0m] Started Create list of required sta…vice nodes for the current kernel.
[[0;32m  OK  [0m] Started udev Coldplug all Devices.
         Starting Create Static Device Nodes in /dev...
[[0;32m  OK  [0m] Started File System Check on Root Device.
[    8.867493] iscsi: registered transport (tcp)
         Starting Remount Root and Kernel File Systems...
[[0;32m  OK  [0m] Started Set the console keyboard layout.
[[0;32m  OK  [0m] Started Monitoring of LVM2 mirrors,…sing dmeventd or progress polling.
[    9.013181] iscsi: registered transport (iser)
[[0;32m  OK  [0m] Started Load Kernel Modules.
         Starting Apply Kernel Variables...
         Mounting FUSE Control File System...
         Mounting Kernel Configuration File System...
[[0;32m  OK  [0m] Mounted FUSE Control File System.
[    9.030041] EXT4-fs (sda1): re-mounted. Opts: (null)
[[0;32m  OK  [0m] Started Remount Root and Kernel File Systems.
[[0;32m  OK  [0m] Mounted Kernel Configuration File System.
         Starting Load/Save Random Seed...
         Starting Flush Journal to Persistent Storage...
[[0;32m  OK  [0m] Started Create Static Device Nodes in /dev.
[[0;32m  OK  [0m] Started Load/Save Random Seed.
         Starting udev Kernel Device Manager...
[[0;32m  OK  [0m] Reached target Local File Systems (Pre).
[[0;32m  OK  [0m] Reached target Local File Systems.
         Starting Tell Plymouth To Write Out Runtime Data...
         Starting ebtables ruleset management...
         Starting AppArmor initialization...
         Starting Set console font and keymap...
[    9.127685] systemd-journald[417]: Received request to flush runtime journal from PID 1
[[0;32m  OK  [0m] Started Tell Plymouth To Write Out Runtime Data.
[[0;32m  OK  [0m] Started Set console font and keymap.
[[0;32m  OK  [0m] Started Apply Kernel Variables.
[[0;32m  OK  [0m] Started udev Kernel Device Manager.
[[0;32m  OK  [0m] Started Dispatch Password Requests to Console Directory Watch.
[[0;32m  OK  [0m] Reached target Local Encrypted Volumes.
[[0;32m  OK  [0m] Started Flush Journal to Persistent Storage.
         Starting Create Volatile Files and Directories...
[[0;32m  OK  [0m] Started ebtables ruleset management.
[[0;32m  OK  [0m] Started Create Volatile Files and Directories.
         Starting Update UTMP about System Boot/Shutdown...
[[0;32m  OK  [0m] Started Update UTMP about System Boot/Shutdown.
[[0;32m  OK  [0m] Found device /dev/ttyS0.
[[0;32m  OK  [0m] Listening on Load/Save RF Kill Switch Status /dev/rfkill Watch.
[[0;32m  OK  [0m] Started AppArmor initialization.
         Starting Load AppArmor profiles managed internally by snapd...
         Starting Initial cloud-init job (pre-networking)...
[[0;32m  OK  [0m] Started Load AppArmor profiles managed internally by snapd.
[   17.311247] cloud-init[569]: Cloud-init v. 21.1-19-gbad84ad4-0ubuntu1~18.04.2 running 'init-local' at Thu, 20 May 2021 06:52:01 +0000. Up 16.84 seconds.
[[0;32m  OK  [0m] Started Initial cloud-init job (pre-networking).
[[0;32m  OK  [0m] Reached target Network (Pre).
         Starting Network Service...
[[0;32m  OK  [0m] Started Network Service.
         Starting Wait for Network to be Configured...
         Starting Network Name Resolution...
[[0;32m  OK  [0m] Started Network Name Resolution.
[[0;32m  OK  [0m] Reached target Network.
[[0;32m  OK  [0m] Reached target Host and Network Name Lookups.
[[0;32m  OK  [0m] Started Wait for Network to be Configured.
         Starting Initial cloud-init job (metadata service crawler)...
[   20.553143] cloud-init[700]: Cloud-init v. 21.1-19-gbad84ad4-0ubuntu1~18.04.2 running 'init' at Thu, 20 May 2021 06:52:04 +0000. Up 20.21 seconds.
[   20.555778] cloud-init[700]: ci-info: ++++++++++++++++++++++++++++++++++++++Net device info++++++++++++++++++++++++++++++++++++++
[   20.558308] cloud-init[700]: ci-info: +--------+------+----------------------------+---------------+--------+-------------------+
[   20.561207] cloud-init[700]: ci-info: | Device |  Up  |          Address           |      Mask     | Scope  |     Hw-Address    |
[   20.564429] cloud-init[700]: ci-info: +--------+------+----------------------------+---------------+--------+-------------------+
[   20.576531] cloud-init[700]: ci-info: | enp0s3 | True |         10.0.2.15          | 255.255.255.0 | global | 02:79:d1:66:99:96 |
[   20.579304] cloud-init[700]: ci-info: | enp0s3 | True | fe80::79:d1ff:fe66:9996/64 |       .       |  link  | 02:79:d1:66:99:96 |
[   20.581960] cloud-init[700]: ci-info: |   lo   | True |         127.0.0.1          |   255.0.0.0   |  host  |         .         |
[   20.584511] cloud-init[700]: ci-info: |   lo   | True |          ::1/128           |       .       |  host  |         .         |
[   20.587567] cloud-init[700]: ci-info: +--------+------+----------------------------+---------------+--------+-------------------+
[   20.590072] cloud-init[700]: ci-info: ++++++++++++++++++++++++++++Route IPv4 info+++++++++++++++++++++++++++++
[   20.592670] cloud-init[700]: ci-info: +-------+-------------+----------+-----------------+-----------+-------+
[   20.595540] cloud-init[700]: ci-info: | Route | Destination | Gateway  |     Genmask     | Interface | Flags |
[   20.597498] cloud-init[700]: ci-info: +-------+-------------+----------+-----------------+-----------+-------+
[   20.599384] cloud-init[700]: ci-info: |   0   |   0.0.0.0   | 10.0.2.2 |     0.0.0.0     |   enp0s3  |   UG  |
[   20.601538] cloud-init[700]: ci-info: |   1   |   10.0.2.0  | 0.0.0.0  |  255.255.255.0  |   enp0s3  |   U   |
[   20.603300] cloud-init[700]: ci-info: |   2   |   10.0.2.2  | 0.0.0.0  | 255.255.255.255 |   enp0s3  |   UH  |
[   20.605374] cloud-init[700]: ci-info: +-------+-------------+----------+-----------------+-----------+-------+
[   20.606865] cloud-init[700]: ci-info: +++++++++++++++++++Route IPv6 info+++++++++++++++++++
[   20.608089] cloud-init[700]: ci-info: +-------+-------------+---------+-----------+-------+
[   20.609313] cloud-init[700]: ci-info: | Route | Destination | Gateway | Interface | Flags |
[   20.610528] cloud-init[700]: ci-info: +-------+-------------+---------+-----------+-------+
[   20.611917] cloud-init[700]: ci-info: |   1   |  fe80::/64  |    ::   |   enp0s3  |   U   |
[   20.613307] cloud-init[700]: ci-info: |   3   |    local    |    ::   |   enp0s3  |   U   |
[   20.614443] cloud-init[700]: ci-info: |   4   |   ff00::/8  |    ::   |   enp0s3  |   U   |
[   20.615650] cloud-init[700]: ci-info: +-------+-------------+---------+-----------+-------+
[[0;32m  OK  [0m] Started Initial cloud-init job (metadata service crawler).
[[0;32m  OK  [0m] Reached target Network is Online.
[[0;32m  OK  [0m] Reached target Remote File Systems (Pre).
         Starting Availability of block devices...
         Mounting /vagrant...
[[0;32m  OK  [0m] Reached target Cloud-config availability.
[[0;32m  OK  [0m] Reached target System Initialization.
         Starting LXD - unix socket.
[[0;32m  OK  [0m] Started Daily apt upgrade and clean activities.
[[0;32m  OK  [0m] Started Daily Cleanup of Temporary Directories.
[[0;32m  OK  [0m] Listening on Open-iSCSI iscsid Socket.
[[0;32m  OK  [0m] Started ACPI Events Check.
[[0;32m  OK  [0m] Listening on ACPID Listen Socket.
[[0;32m  OK  [0m] Started Discard unused blocks once a week.
[[0;32m  OK  [0m] Started Message of the Day.
         Starting Socket activation for snappy daemon.
[[0;32m  OK  [0m] Started Ubuntu Advantage update messaging.
[[0;32m  OK  [0m] Listening on UUID daemon activation socket.
[[0;32m  OK  [0m] Reached target Paths.
[[0;32m  OK  [0m] Reached target Timers.
[[0;32m  OK  [0m] Listening on D-Bus System Message Bus Socket.
[[0;32m  OK  [0m] Started Availability of block devices.
[[0;32m  OK  [0m] Mounted /vagrant.
[[0;32m  OK  [0m] Listening on LXD - unix socket.
[[0;32m  OK  [0m] Listening on Socket activation for snappy daemon.
[[0;32m  OK  [0m] Reached target Sockets.
[[0;32m  OK  [0m] Reached target Basic System.
[[0;32m  OK  [0m] Started irqbalance daemon.
         Starting Daily apt upgrade and clean activities...
[[0;32m  OK  [0m] Started Regular background program processing daemon.
[[0;32m  OK  [0m] Started Deferred execution scheduler.
         Starting LSB: Record successful boot for GRUB...
         Starting Dispatcher daemon for systemd-networkd...
         Starting OpenBSD Secure Shell server...
[[0;32m  OK  [0m] Started D-Bus System Message Bus.
         Starting System Logging Service...
         Starting Virtualbox guest utils...
         Starting LXD - container startup/shutdown...
         Starting Message of the Day...
         Starting Login Service...
         Starting Ubuntu Advantage APT and MOTD Messages...
         Starting Accounts Service...
[[0;32m  OK  [0m] Started FUSE filesystem for LXC.
         Starting Snap Daemon...
[[0;32m  OK  [0m] Reached target Remote File Systems.
         Starting LSB: automatic crash report generation...
         Starting Permit User Sessions...
[[0;32m  OK  [0m] Started Login Service.
[[0;32m  OK  [0m] Started Unattended Upgrades Shutdown.
[[0;32m  OK  [0m] Started System Logging Service.
[[0;32m  OK  [0m] Started OpenBSD Secure Shell server.
[[0;32m  OK  [0m] Started Permit User Sessions.
         Starting Hold until boot process finishes up...
         Starting Terminate Plymouth Boot Screen...
[[0;32m  OK  [0m] Started Hold until boot process finishes up.
[[0;32m  OK  [0m] Started Terminate Plymouth Boot Screen.
         Starting Set console scheme...
[[0;32m  OK  [0m] Started Serial Getty on ttyS0.
[[0;32m  OK  [0m] Started Set console scheme.
[[0;32m  OK  [0m] Created slice system-getty.slice.
[[0;32m  OK  [0m] Started Getty on tty1.
[[0;32m  OK  [0m] Reached target Login Prompts.
[[0;32m  OK  [0m] Started LSB: automatic crash report generation.
         Starting Authorization Manager...
[[0;32m  OK  [0m] Started LSB: Record successful boot for GRUB.
[[0;32m  OK  [0m] Started Virtualbox guest utils.
[[0;32m  OK  [0m] Started Authorization Manager.
[[0;32m  OK  [0m] Started Accounts Service.
[[0;32m  OK  [0m] Started Dispatcher daemon for systemd-networkd.
[[0;32m  OK  [0m] Created slice User Slice of vagrant.
         Starting User Manager for UID 1000...
[[0;32m  OK  [0m] Started Session 1 of user vagrant.
[[0;32m  OK  [0m] Started User Manager for UID 1000.
[[0;32m  OK  [0m] Started LXD - container startup/shutdown.
[[0;32m  OK  [0m] Started Message of the Day.

Ubuntu 18.04.5 LTS ubuntu-bionic ttyS0

ubuntu-bionic login: [   29.390857] cloud-init[1430]: Cloud-init v. 21.1-19-gbad84ad4-0ubuntu1~18.04.2 running 'modules:config' at Thu, 20 May 2021 06:52:13 +0000. Up 29.17 seconds.
[   30.370726] cloud-init[1478]: Cloud-init v. 21.1-19-gbad84ad4-0ubuntu1~18.04.2 running 'modules:final' at Thu, 20 May 2021 06:52:14 +0000. Up 30.04 seconds.
[   30.370848] cloud-init[1478]: Cloud-init v. 21.1-19-gbad84ad4-0ubuntu1~18.04.2 finished at Thu, 20 May 2021 06:52:14 +0000. Datasource DataSourceNoCloud [seed=/dev/sdb][dsmode=net].  Up 30.35 seconds
